<?xml version="1.0" encoding="UTF-8"?>
<testsuite xmlns:xsi="http://www.w3.org/2001/XMLSchema-instance" xsi:noNamespaceSchemaLocation="https://maven.apache.org/surefire/maven-surefire-plugin/xsd/surefire-test-report-3.0.xsd" version="3.0" name="com.ugurhan.beymen.test.BeymenTest" time="26.129" tests="1" errors="0" skipped="0" failures="0">
  <properties>
    <property name="java.specification.version" value="21"/>
    <property name="webdriver.chrome.driver" value="/Users/ugurhanuslu/.cache/selenium/chromedriver/mac64/120/chromedriver"/>
    <property name="sun.jnu.encoding" value="UTF-8"/>
    <property name="java.class.path" value="/Users/ugurhanuslu/Downloads/findeks-main/target/test-classes:/Users/ugurhanuslu/Downloads/findeks-main/target/classes:/Users/ugurhanuslu/.m2/repository/org/apache/poi/poi-ooxml/3.9/poi-ooxml-3.9.jar:/Users/ugurhanuslu/.m2/repository/org/apache/poi/poi/3.9/poi-3.9.jar:/Users/ugurhanuslu/.m2/repository/org/apache/poi/poi-ooxml-schemas/3.9/poi-ooxml-schemas-3.9.jar:/Users/ugurhanuslu/.m2/repository/org/apache/xmlbeans/xmlbeans/2.3.0/xmlbeans-2.3.0.jar:/Users/ugurhanuslu/.m2/repository/stax/stax-api/1.0.1/stax-api-1.0.1.jar:/Users/ugurhanuslu/.m2/repository/dom4j/dom4j/1.6.1/dom4j-1.6.1.jar:/Users/ugurhanuslu/.m2/repository/xml-apis/xml-apis/1.0.b2/xml-apis-1.0.b2.jar:/Users/ugurhanuslu/.m2/repository/org/seleniumhq/selenium/selenium-chrome-driver/4.16.1/selenium-chrome-driver-4.16.1.jar:/Users/ugurhanuslu/.m2/repository/com/google/auto/service/auto-service-annotations/1.1.1/auto-service-annotations-1.1.1.jar:/Users/ugurhanuslu/.m2/repository/org/seleniumhq/selenium/selenium-api/4.16.1/selenium-api-4.16.1.jar:/Users/ugurhanuslu/.m2/repository/org/seleniumhq/selenium/selenium-chromium-driver/4.16.1/selenium-chromium-driver-4.16.1.jar:/Users/ugurhanuslu/.m2/repository/org/seleniumhq/selenium/selenium-json/4.16.1/selenium-json-4.16.1.jar:/Users/ugurhanuslu/.m2/repository/org/seleniumhq/selenium/selenium-manager/4.16.1/selenium-manager-4.16.1.jar:/Users/ugurhanuslu/.m2/repository/org/seleniumhq/selenium/selenium-os/4.16.1/selenium-os-4.16.1.jar:/Users/ugurhanuslu/.m2/repository/org/apache/commons/commons-exec/1.3/commons-exec-1.3.jar:/Users/ugurhanuslu/.m2/repository/org/seleniumhq/selenium/selenium-remote-driver/4.16.1/selenium-remote-driver-4.16.1.jar:/Users/ugurhanuslu/.m2/repository/io/opentelemetry/opentelemetry-api/1.28.0/opentelemetry-api-1.28.0.jar:/Users/ugurhanuslu/.m2/repository/io/opentelemetry/opentelemetry-context/1.28.0/opentelemetry-context-1.28.0.jar:/Users/ugurhanuslu/.m2/repository/io/opentelemetry/opentelemetry-exporter-logging/1.28.0/opentelemetry-exporter-logging-1.28.0.jar:/Users/ugurhanuslu/.m2/repository/io/opentelemetry/opentelemetry-sdk-metrics/1.28.0/opentelemetry-sdk-metrics-1.28.0.jar:/Users/ugurhanuslu/.m2/repository/io/opentelemetry/opentelemetry-extension-incubator/1.28.0-alpha/opentelemetry-extension-incubator-1.28.0-alpha.jar:/Users/ugurhanuslu/.m2/repository/io/opentelemetry/opentelemetry-sdk-logs/1.28.0/opentelemetry-sdk-logs-1.28.0.jar:/Users/ugurhanuslu/.m2/repository/io/opentelemetry/opentelemetry-sdk-common/1.28.0/opentelemetry-sdk-common-1.28.0.jar:/Users/ugurhanuslu/.m2/repository/io/opentelemetry/opentelemetry-sdk-extension-autoconfigure-spi/1.28.0/opentelemetry-sdk-extension-autoconfigure-spi-1.28.0.jar:/Users/ugurhanuslu/.m2/repository/io/opentelemetry/opentelemetry-sdk-extension-autoconfigure/1.28.0/opentelemetry-sdk-extension-autoconfigure-1.28.0.jar:/Users/ugurhanuslu/.m2/repository/io/opentelemetry/opentelemetry-api-events/1.28.0-alpha/opentelemetry-api-events-1.28.0-alpha.jar:/Users/ugurhanuslu/.m2/repository/io/opentelemetry/opentelemetry-sdk-trace/1.28.0/opentelemetry-sdk-trace-1.28.0.jar:/Users/ugurhanuslu/.m2/repository/io/opentelemetry/opentelemetry-sdk/1.28.0/opentelemetry-sdk-1.28.0.jar:/Users/ugurhanuslu/.m2/repository/io/opentelemetry/opentelemetry-semconv/1.28.0-alpha/opentelemetry-semconv-1.28.0-alpha.jar:/Users/ugurhanuslu/.m2/repository/net/bytebuddy/byte-buddy/1.14.5/byte-buddy-1.14.5.jar:/Users/ugurhanuslu/.m2/repository/org/seleniumhq/selenium/selenium-http/4.16.1/selenium-http-4.16.1.jar:/Users/ugurhanuslu/.m2/repository/dev/failsafe/failsafe/3.3.2/failsafe-3.3.2.jar:/Users/ugurhanuslu/.m2/repository/org/junit/jupiter/junit-jupiter-api/5.10.1/junit-jupiter-api-5.10.1.jar:/Users/ugurhanuslu/.m2/repository/org/opentest4j/opentest4j/1.3.0/opentest4j-1.3.0.jar:/Users/ugurhanuslu/.m2/repository/org/junit/platform/junit-platform-commons/1.10.1/junit-platform-commons-1.10.1.jar:/Users/ugurhanuslu/.m2/repository/org/apiguardian/apiguardian-api/1.1.2/apiguardian-api-1.1.2.jar:/Users/ugurhanuslu/.m2/repository/org/slf4j/slf4j-api/2.0.9/slf4j-api-2.0.9.jar:/Users/ugurhanuslu/.m2/repository/ch/qos/logback/logback-classic/1.4.5/logback-classic-1.4.5.jar:/Users/ugurhanuslu/.m2/repository/ch/qos/logback/logback-core/1.4.5/logback-core-1.4.5.jar:/Users/ugurhanuslu/.m2/repository/org/seleniumhq/selenium/selenium-java/4.16.1/selenium-java-4.16.1.jar:/Users/ugurhanuslu/.m2/repository/org/seleniumhq/selenium/selenium-devtools-v118/4.16.1/selenium-devtools-v118-4.16.1.jar:/Users/ugurhanuslu/.m2/repository/org/seleniumhq/selenium/selenium-devtools-v119/4.16.1/selenium-devtools-v119-4.16.1.jar:/Users/ugurhanuslu/.m2/repository/org/seleniumhq/selenium/selenium-devtools-v120/4.16.1/selenium-devtools-v120-4.16.1.jar:/Users/ugurhanuslu/.m2/repository/org/seleniumhq/selenium/selenium-devtools-v85/4.16.1/selenium-devtools-v85-4.16.1.jar:/Users/ugurhanuslu/.m2/repository/org/seleniumhq/selenium/selenium-edge-driver/4.16.1/selenium-edge-driver-4.16.1.jar:/Users/ugurhanuslu/.m2/repository/org/seleniumhq/selenium/selenium-firefox-driver/4.16.1/selenium-firefox-driver-4.16.1.jar:/Users/ugurhanuslu/.m2/repository/org/seleniumhq/selenium/selenium-ie-driver/4.16.1/selenium-ie-driver-4.16.1.jar:/Users/ugurhanuslu/.m2/repository/org/seleniumhq/selenium/selenium-safari-driver/4.16.1/selenium-safari-driver-4.16.1.jar:/Users/ugurhanuslu/.m2/repository/org/seleniumhq/selenium/selenium-support/4.16.1/selenium-support-4.16.1.jar:/Users/ugurhanuslu/.m2/repository/io/github/bonigarcia/webdrivermanager/5.6.2/webdrivermanager-5.6.2.jar:/Users/ugurhanuslu/.m2/repository/com/google/code/gson/gson/2.10.1/gson-2.10.1.jar:/Users/ugurhanuslu/.m2/repository/com/github/docker-java/docker-java/3.3.4/docker-java-3.3.4.jar:/Users/ugurhanuslu/.m2/repository/com/github/docker-java/docker-java-core/3.3.4/docker-java-core-3.3.4.jar:/Users/ugurhanuslu/.m2/repository/com/github/docker-java/docker-java-api/3.3.4/docker-java-api-3.3.4.jar:/Users/ugurhanuslu/.m2/repository/commons-io/commons-io/2.13.0/commons-io-2.13.0.jar:/Users/ugurhanuslu/.m2/repository/org/bouncycastle/bcpkix-jdk18on/1.76/bcpkix-jdk18on-1.76.jar:/Users/ugurhanuslu/.m2/repository/org/bouncycastle/bcprov-jdk18on/1.76/bcprov-jdk18on-1.76.jar:/Users/ugurhanuslu/.m2/repository/org/bouncycastle/bcutil-jdk18on/1.76/bcutil-jdk18on-1.76.jar:/Users/ugurhanuslu/.m2/repository/com/github/docker-java/docker-java-transport-httpclient5/3.3.4/docker-java-transport-httpclient5-3.3.4.jar:/Users/ugurhanuslu/.m2/repository/com/github/docker-java/docker-java-transport/3.3.4/docker-java-transport-3.3.4.jar:/Users/ugurhanuslu/.m2/repository/org/brotli/dec/0.1.2/dec-0.1.2.jar:/Users/ugurhanuslu/.m2/repository/org/apache/commons/commons-lang3/3.13.0/commons-lang3-3.13.0.jar:/Users/ugurhanuslu/.m2/repository/org/apache/commons/commons-compress/1.24.0/commons-compress-1.24.0.jar:/Users/ugurhanuslu/.m2/repository/org/apache/httpcomponents/client5/httpclient5/5.2.1/httpclient5-5.2.1.jar:/Users/ugurhanuslu/.m2/repository/org/apache/httpcomponents/core5/httpcore5/5.2/httpcore5-5.2.jar:/Users/ugurhanuslu/.m2/repository/org/apache/httpcomponents/core5/httpcore5-h2/5.2/httpcore5-h2-5.2.jar:/Users/ugurhanuslu/.m2/repository/com/google/guava/guava/31.1-jre/guava-31.1-jre.jar:/Users/ugurhanuslu/.m2/repository/com/google/guava/failureaccess/1.0.1/failureaccess-1.0.1.jar:/Users/ugurhanuslu/.m2/repository/com/google/guava/listenablefuture/9999.0-empty-to-avoid-conflict-with-guava/listenablefuture-9999.0-empty-to-avoid-conflict-with-guava.jar:/Users/ugurhanuslu/.m2/repository/com/google/code/findbugs/jsr305/3.0.2/jsr305-3.0.2.jar:/Users/ugurhanuslu/.m2/repository/org/checkerframework/checker-qual/3.12.0/checker-qual-3.12.0.jar:/Users/ugurhanuslu/.m2/repository/com/google/errorprone/error_prone_annotations/2.11.0/error_prone_annotations-2.11.0.jar:/Users/ugurhanuslu/.m2/repository/com/google/j2objc/j2objc-annotations/1.3/j2objc-annotations-1.3.jar:/Users/ugurhanuslu/.m2/repository/org/apache/cassandra/cassandra-all/4.1.0/cassandra-all-4.1.0.jar:/Users/ugurhanuslu/.m2/repository/org/xerial/snappy/snappy-java/1.1.8.4/snappy-java-1.1.8.4.jar:/Users/ugurhanuslu/.m2/repository/org/lz4/lz4-java/1.8.0/lz4-java-1.8.0.jar:/Users/ugurhanuslu/.m2/repository/commons-cli/commons-cli/1.1/commons-cli-1.1.jar:/Users/ugurhanuslu/.m2/repository/commons-codec/commons-codec/1.9/commons-codec-1.9.jar:/Users/ugurhanuslu/.m2/repository/org/apache/commons/commons-math3/3.2/commons-math3-3.2.jar:/Users/ugurhanuslu/.m2/repository/org/antlr/ST4/4.0.8/ST4-4.0.8.jar:/Users/ugurhanuslu/.m2/repository/org/antlr/antlr-runtime/3.5.2/antlr-runtime-3.5.2.jar:/Users/ugurhanuslu/.m2/repository/org/slf4j/log4j-over-slf4j/1.7.25/log4j-over-slf4j-1.7.25.jar:/Users/ugurhanuslu/.m2/repository/org/slf4j/jcl-over-slf4j/1.7.25/jcl-over-slf4j-1.7.25.jar:/Users/ugurhanuslu/.m2/repository/com/fasterxml/jackson/core/jackson-core/2.13.2/jackson-core-2.13.2.jar:/Users/ugurhanuslu/.m2/repository/com/fasterxml/jackson/core/jackson-databind/2.13.2.2/jackson-databind-2.13.2.2.jar:/Users/ugurhanuslu/.m2/repository/com/fasterxml/jackson/core/jackson-annotations/2.13.2/jackson-annotations-2.13.2.jar:/Users/ugurhanuslu/.m2/repository/com/fasterxml/jackson/datatype/jackson-datatype-jsr310/2.13.2/jackson-datatype-jsr310-2.13.2.jar:/Users/ugurhanuslu/.m2/repository/com/googlecode/json-simple/json-simple/1.1/json-simple-1.1.jar:/Users/ugurhanuslu/.m2/repository/com/boundary/high-scale-lib/1.0.6/high-scale-lib-1.0.6.jar:/Users/ugurhanuslu/.m2/repository/org/yaml/snakeyaml/1.26/snakeyaml-1.26.jar:/Users/ugurhanuslu/.m2/repository/org/mindrot/jbcrypt/0.4/jbcrypt-0.4.jar:/Users/ugurhanuslu/.m2/repository/io/airlift/airline/0.8/airline-0.8.jar:/Users/ugurhanuslu/.m2/repository/io/dropwizard/metrics/metrics-core/3.1.5/metrics-core-3.1.5.jar:/Users/ugurhanuslu/.m2/repository/io/dropwizard/metrics/metrics-jvm/3.1.5/metrics-jvm-3.1.5.jar:/Users/ugurhanuslu/.m2/repository/io/dropwizard/metrics/metrics-logback/3.1.5/metrics-logback-3.1.5.jar:/Users/ugurhanuslu/.m2/repository/com/addthis/metrics/reporter-config3/3.0.3/reporter-config3-3.0.3.jar:/Users/ugurhanuslu/.m2/repository/com/addthis/metrics/reporter-config-base/3.0.3/reporter-config-base-3.0.3.jar:/Users/ugurhanuslu/.m2/repository/com/clearspring/analytics/stream/2.5.2/stream-2.5.2.jar:/Users/ugurhanuslu/.m2/repository/net/java/dev/jna/jna/5.9.0/jna-5.9.0.jar:/Users/ugurhanuslu/.m2/repository/com/github/jbellis/jamm/0.3.2/jamm-0.3.2.jar:/Users/ugurhanuslu/.m2/repository/io/netty/netty-all/4.1.58.Final/netty-all-4.1.58.Final.jar:/Users/ugurhanuslu/.m2/repository/net/openhft/chronicle-queue/5.20.123/chronicle-queue-5.20.123.jar:/Users/ugurhanuslu/.m2/repository/net/openhft/chronicle-core/2.20.126/chronicle-core-2.20.126.jar:/Users/ugurhanuslu/.m2/repository/net/openhft/chronicle-bytes/2.20.111/chronicle-bytes-2.20.111.jar:/Users/ugurhanuslu/.m2/repository/net/openhft/chronicle-wire/2.20.117/chronicle-wire-2.20.117.jar:/Users/ugurhanuslu/.m2/repository/net/openhft/chronicle-threads/2.20.111/chronicle-threads-2.20.111.jar:/Users/ugurhanuslu/.m2/repository/org/fusesource/sigar/1.6.4/sigar-1.6.4.jar:/Users/ugurhanuslu/.m2/repository/org/eclipse/jdt/core/compiler/ecj/4.6.1/ecj-4.6.1.jar:/Users/ugurhanuslu/.m2/repository/org/caffinitas/ohc/ohc-core/0.5.1/ohc-core-0.5.1.jar:/Users/ugurhanuslu/.m2/repository/org/caffinitas/ohc/ohc-core-j8/0.5.1/ohc-core-j8-0.5.1.jar:/Users/ugurhanuslu/.m2/repository/com/github/ben-manes/caffeine/caffeine/2.9.2/caffeine-2.9.2.jar:/Users/ugurhanuslu/.m2/repository/org/jctools/jctools-core/3.1.0/jctools-core-3.1.0.jar:/Users/ugurhanuslu/.m2/repository/org/ow2/asm/asm/9.1/asm-9.1.jar:/Users/ugurhanuslu/.m2/repository/com/carrotsearch/hppc/0.8.1/hppc-0.8.1.jar:/Users/ugurhanuslu/.m2/repository/org/gridkit/jvmtool/sjk-cli/0.14/sjk-cli-0.14.jar:/Users/ugurhanuslu/.m2/repository/org/gridkit/jvmtool/sjk-core/0.14/sjk-core-0.14.jar:/Users/ugurhanuslu/.m2/repository/org/gridkit/jvmtool/sjk-stacktrace/0.14/sjk-stacktrace-0.14.jar:/Users/ugurhanuslu/.m2/repository/org/gridkit/jvmtool/mxdump/0.14/mxdump-0.14.jar:/Users/ugurhanuslu/.m2/repository/org/gridkit/lab/jvm-attach-api/1.5/jvm-attach-api-1.5.jar:/Users/ugurhanuslu/.m2/repository/com/beust/jcommander/1.30/jcommander-1.30.jar:/Users/ugurhanuslu/.m2/repository/org/gridkit/jvmtool/sjk-json/0.14/sjk-json-0.14.jar:/Users/ugurhanuslu/.m2/repository/com/github/luben/zstd-jni/1.5.0-4/zstd-jni-1.5.0-4.jar:/Users/ugurhanuslu/.m2/repository/org/psjava/psjava/0.1.19/psjava-0.1.19.jar:/Users/ugurhanuslu/.m2/repository/io/netty/netty-tcnative-boringssl-static/2.0.36.Final/netty-tcnative-boringssl-static-2.0.36.Final.jar:/Users/ugurhanuslu/.m2/repository/javax/inject/javax.inject/1/javax.inject-1.jar:/Users/ugurhanuslu/.m2/repository/org/hdrhistogram/HdrHistogram/2.1.9/HdrHistogram-2.1.9.jar:/Users/ugurhanuslu/.m2/repository/de/jflex/jflex/1.8.2/jflex-1.8.2.jar:/Users/ugurhanuslu/.m2/repository/com/github/vbmacher/java-cup-runtime/11b-20160615/java-cup-runtime-11b-20160615.jar:/Users/ugurhanuslu/.m2/repository/com/github/rholder/snowball-stemmer/1.3.0.581.1/snowball-stemmer-1.3.0.581.1.jar:/Users/ugurhanuslu/.m2/repository/com/googlecode/concurrent-trees/concurrent-trees/2.4.0/concurrent-trees-2.4.0.jar:/Users/ugurhanuslu/.m2/repository/com/github/seancfoley/ipaddress/5.3.3/ipaddress-5.3.3.jar:/Users/ugurhanuslu/.m2/repository/com/aventstack/extentreports/5.0.9/extentreports-5.0.9.jar:/Users/ugurhanuslu/.m2/repository/io/reactivex/rxjava3/rxjava/3.0.4/rxjava-3.0.4.jar:/Users/ugurhanuslu/.m2/repository/org/reactivestreams/reactive-streams/1.0.3/reactive-streams-1.0.3.jar:/Users/ugurhanuslu/.m2/repository/org/freemarker/freemarker/2.3.30/freemarker-2.3.30.jar:/Users/ugurhanuslu/.m2/repository/org/projectlombok/lombok/1.18.24/lombok-1.18.24.jar:"/>
    <property name="java.vm.vendor" value="Homebrew"/>
    <property name="sun.arch.data.model" value="64"/>
    <property name="java.vendor.url" value="https://github.com/Homebrew/homebrew-core/issues"/>
    <property name="user.timezone" value="Europe/Istanbul"/>
    <property name="os.name" value="Mac OS X"/>
    <property name="java.vm.specification.version" value="21"/>
    <property name="sun.java.launcher" value="SUN_STANDARD"/>
    <property name="user.country" value="TR"/>
    <property name="sun.boot.library.path" value="/usr/local/Cellar/openjdk/21.0.1/libexec/openjdk.jdk/Contents/Home/lib"/>
    <property name="sun.java.command" value="/Users/ugurhanuslu/Downloads/findeks-main/target/surefire/surefirebooter-20231219000904156_3.jar /Users/ugurhanuslu/Downloads/findeks-main/target/surefire 2023-12-19T00-09-03_982-jvmRun1 surefire-20231219000904156_1tmp surefire_0-20231219000904156_2tmp"/>
    <property name="http.nonProxyHosts" value="local|*.local|169.254/16|*.169.254/16"/>
    <property name="jdk.debug" value="release"/>
    <property name="surefire.test.class.path" value="/Users/ugurhanuslu/Downloads/findeks-main/target/test-classes:/Users/ugurhanuslu/Downloads/findeks-main/target/classes:/Users/ugurhanuslu/.m2/repository/org/apache/poi/poi-ooxml/3.9/poi-ooxml-3.9.jar:/Users/ugurhanuslu/.m2/repository/org/apache/poi/poi/3.9/poi-3.9.jar:/Users/ugurhanuslu/.m2/repository/org/apache/poi/poi-ooxml-schemas/3.9/poi-ooxml-schemas-3.9.jar:/Users/ugurhanuslu/.m2/repository/org/apache/xmlbeans/xmlbeans/2.3.0/xmlbeans-2.3.0.jar:/Users/ugurhanuslu/.m2/repository/stax/stax-api/1.0.1/stax-api-1.0.1.jar:/Users/ugurhanuslu/.m2/repository/dom4j/dom4j/1.6.1/dom4j-1.6.1.jar:/Users/ugurhanuslu/.m2/repository/xml-apis/xml-apis/1.0.b2/xml-apis-1.0.b2.jar:/Users/ugurhanuslu/.m2/repository/org/seleniumhq/selenium/selenium-chrome-driver/4.16.1/selenium-chrome-driver-4.16.1.jar:/Users/ugurhanuslu/.m2/repository/com/google/auto/service/auto-service-annotations/1.1.1/auto-service-annotations-1.1.1.jar:/Users/ugurhanuslu/.m2/repository/org/seleniumhq/selenium/selenium-api/4.16.1/selenium-api-4.16.1.jar:/Users/ugurhanuslu/.m2/repository/org/seleniumhq/selenium/selenium-chromium-driver/4.16.1/selenium-chromium-driver-4.16.1.jar:/Users/ugurhanuslu/.m2/repository/org/seleniumhq/selenium/selenium-json/4.16.1/selenium-json-4.16.1.jar:/Users/ugurhanuslu/.m2/repository/org/seleniumhq/selenium/selenium-manager/4.16.1/selenium-manager-4.16.1.jar:/Users/ugurhanuslu/.m2/repository/org/seleniumhq/selenium/selenium-os/4.16.1/selenium-os-4.16.1.jar:/Users/ugurhanuslu/.m2/repository/org/apache/commons/commons-exec/1.3/commons-exec-1.3.jar:/Users/ugurhanuslu/.m2/repository/org/seleniumhq/selenium/selenium-remote-driver/4.16.1/selenium-remote-driver-4.16.1.jar:/Users/ugurhanuslu/.m2/repository/io/opentelemetry/opentelemetry-api/1.28.0/opentelemetry-api-1.28.0.jar:/Users/ugurhanuslu/.m2/repository/io/opentelemetry/opentelemetry-context/1.28.0/opentelemetry-context-1.28.0.jar:/Users/ugurhanuslu/.m2/repository/io/opentelemetry/opentelemetry-exporter-logging/1.28.0/opentelemetry-exporter-logging-1.28.0.jar:/Users/ugurhanuslu/.m2/repository/io/opentelemetry/opentelemetry-sdk-metrics/1.28.0/opentelemetry-sdk-metrics-1.28.0.jar:/Users/ugurhanuslu/.m2/repository/io/opentelemetry/opentelemetry-extension-incubator/1.28.0-alpha/opentelemetry-extension-incubator-1.28.0-alpha.jar:/Users/ugurhanuslu/.m2/repository/io/opentelemetry/opentelemetry-sdk-logs/1.28.0/opentelemetry-sdk-logs-1.28.0.jar:/Users/ugurhanuslu/.m2/repository/io/opentelemetry/opentelemetry-sdk-common/1.28.0/opentelemetry-sdk-common-1.28.0.jar:/Users/ugurhanuslu/.m2/repository/io/opentelemetry/opentelemetry-sdk-extension-autoconfigure-spi/1.28.0/opentelemetry-sdk-extension-autoconfigure-spi-1.28.0.jar:/Users/ugurhanuslu/.m2/repository/io/opentelemetry/opentelemetry-sdk-extension-autoconfigure/1.28.0/opentelemetry-sdk-extension-autoconfigure-1.28.0.jar:/Users/ugurhanuslu/.m2/repository/io/opentelemetry/opentelemetry-api-events/1.28.0-alpha/opentelemetry-api-events-1.28.0-alpha.jar:/Users/ugurhanuslu/.m2/repository/io/opentelemetry/opentelemetry-sdk-trace/1.28.0/opentelemetry-sdk-trace-1.28.0.jar:/Users/ugurhanuslu/.m2/repository/io/opentelemetry/opentelemetry-sdk/1.28.0/opentelemetry-sdk-1.28.0.jar:/Users/ugurhanuslu/.m2/repository/io/opentelemetry/opentelemetry-semconv/1.28.0-alpha/opentelemetry-semconv-1.28.0-alpha.jar:/Users/ugurhanuslu/.m2/repository/net/bytebuddy/byte-buddy/1.14.5/byte-buddy-1.14.5.jar:/Users/ugurhanuslu/.m2/repository/org/seleniumhq/selenium/selenium-http/4.16.1/selenium-http-4.16.1.jar:/Users/ugurhanuslu/.m2/repository/dev/failsafe/failsafe/3.3.2/failsafe-3.3.2.jar:/Users/ugurhanuslu/.m2/repository/org/junit/jupiter/junit-jupiter-api/5.10.1/junit-jupiter-api-5.10.1.jar:/Users/ugurhanuslu/.m2/repository/org/opentest4j/opentest4j/1.3.0/opentest4j-1.3.0.jar:/Users/ugurhanuslu/.m2/repository/org/junit/platform/junit-platform-commons/1.10.1/junit-platform-commons-1.10.1.jar:/Users/ugurhanuslu/.m2/repository/org/apiguardian/apiguardian-api/1.1.2/apiguardian-api-1.1.2.jar:/Users/ugurhanuslu/.m2/repository/org/slf4j/slf4j-api/2.0.9/slf4j-api-2.0.9.jar:/Users/ugurhanuslu/.m2/repository/ch/qos/logback/logback-classic/1.4.5/logback-classic-1.4.5.jar:/Users/ugurhanuslu/.m2/repository/ch/qos/logback/logback-core/1.4.5/logback-core-1.4.5.jar:/Users/ugurhanuslu/.m2/repository/org/seleniumhq/selenium/selenium-java/4.16.1/selenium-java-4.16.1.jar:/Users/ugurhanuslu/.m2/repository/org/seleniumhq/selenium/selenium-devtools-v118/4.16.1/selenium-devtools-v118-4.16.1.jar:/Users/ugurhanuslu/.m2/repository/org/seleniumhq/selenium/selenium-devtools-v119/4.16.1/selenium-devtools-v119-4.16.1.jar:/Users/ugurhanuslu/.m2/repository/org/seleniumhq/selenium/selenium-devtools-v120/4.16.1/selenium-devtools-v120-4.16.1.jar:/Users/ugurhanuslu/.m2/repository/org/seleniumhq/selenium/selenium-devtools-v85/4.16.1/selenium-devtools-v85-4.16.1.jar:/Users/ugurhanuslu/.m2/repository/org/seleniumhq/selenium/selenium-edge-driver/4.16.1/selenium-edge-driver-4.16.1.jar:/Users/ugurhanuslu/.m2/repository/org/seleniumhq/selenium/selenium-firefox-driver/4.16.1/selenium-firefox-driver-4.16.1.jar:/Users/ugurhanuslu/.m2/repository/org/seleniumhq/selenium/selenium-ie-driver/4.16.1/selenium-ie-driver-4.16.1.jar:/Users/ugurhanuslu/.m2/repository/org/seleniumhq/selenium/selenium-safari-driver/4.16.1/selenium-safari-driver-4.16.1.jar:/Users/ugurhanuslu/.m2/repository/org/seleniumhq/selenium/selenium-support/4.16.1/selenium-support-4.16.1.jar:/Users/ugurhanuslu/.m2/repository/io/github/bonigarcia/webdrivermanager/5.6.2/webdrivermanager-5.6.2.jar:/Users/ugurhanuslu/.m2/repository/com/google/code/gson/gson/2.10.1/gson-2.10.1.jar:/Users/ugurhanuslu/.m2/repository/com/github/docker-java/docker-java/3.3.4/docker-java-3.3.4.jar:/Users/ugurhanuslu/.m2/repository/com/github/docker-java/docker-java-core/3.3.4/docker-java-core-3.3.4.jar:/Users/ugurhanuslu/.m2/repository/com/github/docker-java/docker-java-api/3.3.4/docker-java-api-3.3.4.jar:/Users/ugurhanuslu/.m2/repository/commons-io/commons-io/2.13.0/commons-io-2.13.0.jar:/Users/ugurhanuslu/.m2/repository/org/bouncycastle/bcpkix-jdk18on/1.76/bcpkix-jdk18on-1.76.jar:/Users/ugurhanuslu/.m2/repository/org/bouncycastle/bcprov-jdk18on/1.76/bcprov-jdk18on-1.76.jar:/Users/ugurhanuslu/.m2/repository/org/bouncycastle/bcutil-jdk18on/1.76/bcutil-jdk18on-1.76.jar:/Users/ugurhanuslu/.m2/repository/com/github/docker-java/docker-java-transport-httpclient5/3.3.4/docker-java-transport-httpclient5-3.3.4.jar:/Users/ugurhanuslu/.m2/repository/com/github/docker-java/docker-java-transport/3.3.4/docker-java-transport-3.3.4.jar:/Users/ugurhanuslu/.m2/repository/org/brotli/dec/0.1.2/dec-0.1.2.jar:/Users/ugurhanuslu/.m2/repository/org/apache/commons/commons-lang3/3.13.0/commons-lang3-3.13.0.jar:/Users/ugurhanuslu/.m2/repository/org/apache/commons/commons-compress/1.24.0/commons-compress-1.24.0.jar:/Users/ugurhanuslu/.m2/repository/org/apache/httpcomponents/client5/httpclient5/5.2.1/httpclient5-5.2.1.jar:/Users/ugurhanuslu/.m2/repository/org/apache/httpcomponents/core5/httpcore5/5.2/httpcore5-5.2.jar:/Users/ugurhanuslu/.m2/repository/org/apache/httpcomponents/core5/httpcore5-h2/5.2/httpcore5-h2-5.2.jar:/Users/ugurhanuslu/.m2/repository/com/google/guava/guava/31.1-jre/guava-31.1-jre.jar:/Users/ugurhanuslu/.m2/repository/com/google/guava/failureaccess/1.0.1/failureaccess-1.0.1.jar:/Users/ugurhanuslu/.m2/repository/com/google/guava/listenablefuture/9999.0-empty-to-avoid-conflict-with-guava/listenablefuture-9999.0-empty-to-avoid-conflict-with-guava.jar:/Users/ugurhanuslu/.m2/repository/com/google/code/findbugs/jsr305/3.0.2/jsr305-3.0.2.jar:/Users/ugurhanuslu/.m2/repository/org/checkerframework/checker-qual/3.12.0/checker-qual-3.12.0.jar:/Users/ugurhanuslu/.m2/repository/com/google/errorprone/error_prone_annotations/2.11.0/error_prone_annotations-2.11.0.jar:/Users/ugurhanuslu/.m2/repository/com/google/j2objc/j2objc-annotations/1.3/j2objc-annotations-1.3.jar:/Users/ugurhanuslu/.m2/repository/org/apache/cassandra/cassandra-all/4.1.0/cassandra-all-4.1.0.jar:/Users/ugurhanuslu/.m2/repository/org/xerial/snappy/snappy-java/1.1.8.4/snappy-java-1.1.8.4.jar:/Users/ugurhanuslu/.m2/repository/org/lz4/lz4-java/1.8.0/lz4-java-1.8.0.jar:/Users/ugurhanuslu/.m2/repository/commons-cli/commons-cli/1.1/commons-cli-1.1.jar:/Users/ugurhanuslu/.m2/repository/commons-codec/commons-codec/1.9/commons-codec-1.9.jar:/Users/ugurhanuslu/.m2/repository/org/apache/commons/commons-math3/3.2/commons-math3-3.2.jar:/Users/ugurhanuslu/.m2/repository/org/antlr/ST4/4.0.8/ST4-4.0.8.jar:/Users/ugurhanuslu/.m2/repository/org/antlr/antlr-runtime/3.5.2/antlr-runtime-3.5.2.jar:/Users/ugurhanuslu/.m2/repository/org/slf4j/log4j-over-slf4j/1.7.25/log4j-over-slf4j-1.7.25.jar:/Users/ugurhanuslu/.m2/repository/org/slf4j/jcl-over-slf4j/1.7.25/jcl-over-slf4j-1.7.25.jar:/Users/ugurhanuslu/.m2/repository/com/fasterxml/jackson/core/jackson-core/2.13.2/jackson-core-2.13.2.jar:/Users/ugurhanuslu/.m2/repository/com/fasterxml/jackson/core/jackson-databind/2.13.2.2/jackson-databind-2.13.2.2.jar:/Users/ugurhanuslu/.m2/repository/com/fasterxml/jackson/core/jackson-annotations/2.13.2/jackson-annotations-2.13.2.jar:/Users/ugurhanuslu/.m2/repository/com/fasterxml/jackson/datatype/jackson-datatype-jsr310/2.13.2/jackson-datatype-jsr310-2.13.2.jar:/Users/ugurhanuslu/.m2/repository/com/googlecode/json-simple/json-simple/1.1/json-simple-1.1.jar:/Users/ugurhanuslu/.m2/repository/com/boundary/high-scale-lib/1.0.6/high-scale-lib-1.0.6.jar:/Users/ugurhanuslu/.m2/repository/org/yaml/snakeyaml/1.26/snakeyaml-1.26.jar:/Users/ugurhanuslu/.m2/repository/org/mindrot/jbcrypt/0.4/jbcrypt-0.4.jar:/Users/ugurhanuslu/.m2/repository/io/airlift/airline/0.8/airline-0.8.jar:/Users/ugurhanuslu/.m2/repository/io/dropwizard/metrics/metrics-core/3.1.5/metrics-core-3.1.5.jar:/Users/ugurhanuslu/.m2/repository/io/dropwizard/metrics/metrics-jvm/3.1.5/metrics-jvm-3.1.5.jar:/Users/ugurhanuslu/.m2/repository/io/dropwizard/metrics/metrics-logback/3.1.5/metrics-logback-3.1.5.jar:/Users/ugurhanuslu/.m2/repository/com/addthis/metrics/reporter-config3/3.0.3/reporter-config3-3.0.3.jar:/Users/ugurhanuslu/.m2/repository/com/addthis/metrics/reporter-config-base/3.0.3/reporter-config-base-3.0.3.jar:/Users/ugurhanuslu/.m2/repository/com/clearspring/analytics/stream/2.5.2/stream-2.5.2.jar:/Users/ugurhanuslu/.m2/repository/net/java/dev/jna/jna/5.9.0/jna-5.9.0.jar:/Users/ugurhanuslu/.m2/repository/com/github/jbellis/jamm/0.3.2/jamm-0.3.2.jar:/Users/ugurhanuslu/.m2/repository/io/netty/netty-all/4.1.58.Final/netty-all-4.1.58.Final.jar:/Users/ugurhanuslu/.m2/repository/net/openhft/chronicle-queue/5.20.123/chronicle-queue-5.20.123.jar:/Users/ugurhanuslu/.m2/repository/net/openhft/chronicle-core/2.20.126/chronicle-core-2.20.126.jar:/Users/ugurhanuslu/.m2/repository/net/openhft/chronicle-bytes/2.20.111/chronicle-bytes-2.20.111.jar:/Users/ugurhanuslu/.m2/repository/net/openhft/chronicle-wire/2.20.117/chronicle-wire-2.20.117.jar:/Users/ugurhanuslu/.m2/repository/net/openhft/chronicle-threads/2.20.111/chronicle-threads-2.20.111.jar:/Users/ugurhanuslu/.m2/repository/org/fusesource/sigar/1.6.4/sigar-1.6.4.jar:/Users/ugurhanuslu/.m2/repository/org/eclipse/jdt/core/compiler/ecj/4.6.1/ecj-4.6.1.jar:/Users/ugurhanuslu/.m2/repository/org/caffinitas/ohc/ohc-core/0.5.1/ohc-core-0.5.1.jar:/Users/ugurhanuslu/.m2/repository/org/caffinitas/ohc/ohc-core-j8/0.5.1/ohc-core-j8-0.5.1.jar:/Users/ugurhanuslu/.m2/repository/com/github/ben-manes/caffeine/caffeine/2.9.2/caffeine-2.9.2.jar:/Users/ugurhanuslu/.m2/repository/org/jctools/jctools-core/3.1.0/jctools-core-3.1.0.jar:/Users/ugurhanuslu/.m2/repository/org/ow2/asm/asm/9.1/asm-9.1.jar:/Users/ugurhanuslu/.m2/repository/com/carrotsearch/hppc/0.8.1/hppc-0.8.1.jar:/Users/ugurhanuslu/.m2/repository/org/gridkit/jvmtool/sjk-cli/0.14/sjk-cli-0.14.jar:/Users/ugurhanuslu/.m2/repository/org/gridkit/jvmtool/sjk-core/0.14/sjk-core-0.14.jar:/Users/ugurhanuslu/.m2/repository/org/gridkit/jvmtool/sjk-stacktrace/0.14/sjk-stacktrace-0.14.jar:/Users/ugurhanuslu/.m2/repository/org/gridkit/jvmtool/mxdump/0.14/mxdump-0.14.jar:/Users/ugurhanuslu/.m2/repository/org/gridkit/lab/jvm-attach-api/1.5/jvm-attach-api-1.5.jar:/Users/ugurhanuslu/.m2/repository/com/beust/jcommander/1.30/jcommander-1.30.jar:/Users/ugurhanuslu/.m2/repository/org/gridkit/jvmtool/sjk-json/0.14/sjk-json-0.14.jar:/Users/ugurhanuslu/.m2/repository/com/github/luben/zstd-jni/1.5.0-4/zstd-jni-1.5.0-4.jar:/Users/ugurhanuslu/.m2/repository/org/psjava/psjava/0.1.19/psjava-0.1.19.jar:/Users/ugurhanuslu/.m2/repository/io/netty/netty-tcnative-boringssl-static/2.0.36.Final/netty-tcnative-boringssl-static-2.0.36.Final.jar:/Users/ugurhanuslu/.m2/repository/javax/inject/javax.inject/1/javax.inject-1.jar:/Users/ugurhanuslu/.m2/repository/org/hdrhistogram/HdrHistogram/2.1.9/HdrHistogram-2.1.9.jar:/Users/ugurhanuslu/.m2/repository/de/jflex/jflex/1.8.2/jflex-1.8.2.jar:/Users/ugurhanuslu/.m2/repository/com/github/vbmacher/java-cup-runtime/11b-20160615/java-cup-runtime-11b-20160615.jar:/Users/ugurhanuslu/.m2/repository/com/github/rholder/snowball-stemmer/1.3.0.581.1/snowball-stemmer-1.3.0.581.1.jar:/Users/ugurhanuslu/.m2/repository/com/googlecode/concurrent-trees/concurrent-trees/2.4.0/concurrent-trees-2.4.0.jar:/Users/ugurhanuslu/.m2/repository/com/github/seancfoley/ipaddress/5.3.3/ipaddress-5.3.3.jar:/Users/ugurhanuslu/.m2/repository/com/aventstack/extentreports/5.0.9/extentreports-5.0.9.jar:/Users/ugurhanuslu/.m2/repository/io/reactivex/rxjava3/rxjava/3.0.4/rxjava-3.0.4.jar:/Users/ugurhanuslu/.m2/repository/org/reactivestreams/reactive-streams/1.0.3/reactive-streams-1.0.3.jar:/Users/ugurhanuslu/.m2/repository/org/freemarker/freemarker/2.3.30/freemarker-2.3.30.jar:/Users/ugurhanuslu/.m2/repository/org/projectlombok/lombok/1.18.24/lombok-1.18.24.jar:"/>
    <property name="sun.cpu.endian" value="little"/>
    <property name="user.home" value="/Users/ugurhanuslu"/>
    <property name="user.language" value="tr"/>
    <property name="java.specification.vendor" value="Oracle Corporation"/>
    <property name="java.version.date" value="2023-10-17"/>
    <property name="java.home" value="/usr/local/Cellar/openjdk/21.0.1/libexec/openjdk.jdk/Contents/Home"/>
    <property name="file.separator" value="/"/>
    <property name="basedir" value="/Users/ugurhanuslu/Downloads/findeks-main"/>
    <property name="java.vm.compressedOopsMode" value="Zero based"/>
    <property name="line.separator" value="&#10;"/>
    <property name="java.vm.specification.vendor" value="Oracle Corporation"/>
    <property name="java.specification.name" value="Java Platform API Specification"/>
    <property name="apple.awt.application.name" value="ForkedBooter"/>
    <property name="surefire.real.class.path" value="/Users/ugurhanuslu/Downloads/findeks-main/target/surefire/surefirebooter-20231219000904156_3.jar"/>
    <property name="sun.management.compiler" value="HotSpot 64-Bit Tiered Compilers"/>
    <property name="ftp.nonProxyHosts" value="local|*.local|169.254/16|*.169.254/16"/>
    <property name="java.runtime.version" value="21.0.1"/>
    <property name="user.name" value="ugurhanuslu"/>
    <property name="stdout.encoding" value="UTF-8"/>
    <property name="path.separator" value=":"/>
    <property name="os.version" value="12.4"/>
    <property name="java.runtime.name" value="OpenJDK Runtime Environment"/>
    <property name="file.encoding" value="UTF-8"/>
    <property name="java.vm.name" value="OpenJDK 64-Bit Server VM"/>
    <property name="java.vendor.version" value="Homebrew"/>
    <property name="localRepository" value="/Users/ugurhanuslu/.m2/repository"/>
    <property name="java.vendor.url.bug" value="https://github.com/Homebrew/homebrew-core/issues"/>
    <property name="java.io.tmpdir" value="/var/folders/4r/7z35wt8d35z53jtrbb4_mgrw0000gn/T/"/>
    <property name="java.version" value="21.0.1"/>
    <property name="user.dir" value="/Users/ugurhanuslu/Downloads/findeks-main"/>
    <property name="os.arch" value="x86_64"/>
    <property name="java.vm.specification.name" value="Java Virtual Machine Specification"/>
    <property name="native.encoding" value="UTF-8"/>
    <property name="java.library.path" value="/Users/ugurhanuslu/Library/Java/Extensions:/Library/Java/Extensions:/Network/Library/Java/Extensions:/System/Library/Java/Extensions:/usr/lib/java:."/>
    <property name="java.vm.info" value="mixed mode, sharing"/>
    <property name="stderr.encoding" value="UTF-8"/>
    <property name="java.vendor" value="Homebrew"/>
    <property name="java.vm.version" value="21.0.1"/>
    <property name="sun.io.unicode.encoding" value="UnicodeBig"/>
    <property name="socksNonProxyHosts" value="local|*.local|169.254/16|*.169.254/16"/>
    <property name="java.class.version" value="65.0"/>
  </properties>
  <testcase name="Beymen_Demo_Test_Case" classname="com.ugurhan.beymen.test.BeymenTest" time="21.881">
    <system-out><![CDATA[00:09:04.906 [main] DEBUG io.github.bonigarcia.wdm.WebDriverManager - Using WebDriverManager 5.6.2
00:09:05.183 [main] DEBUG io.github.bonigarcia.wdm.WebDriverManager - Driver chromedriver 120 found in cache
00:09:05.184 [main] INFO io.github.bonigarcia.wdm.WebDriverManager - Exporting webdriver.chrome.driver as /Users/ugurhanuslu/.cache/selenium/chromedriver/mac64/120/chromedriver
00:09:08.816 [main] INFO com.ugurhan.beymen.test.BaseTest - Browser has been started
00:09:11.873 [main] INFO com.ugurhan.beymen.functions.BaseFunctions - Beymen.com – Türkiye’nin Tek Dijital Lüks Platformu title is checked successfully
Beymen.com – Türkiye’nin Tek Dijital Lüks Platformu
00:09:11.960 [main] INFO com.ugurhan.beymen.functions.BaseFunctions - Element found By.id: onetrust-accept-btn-handler
00:09:12.204 [main] INFO com.ugurhan.beymen.functions.BaseFunctions - Element clicked By.id: onetrust-accept-btn-handler
00:09:12.204 [main] INFO com.ugurhan.beymen.functions.BaseFunctions - Clicked element: By.id: onetrust-accept-btn-handler
00:09:13.054 [main] INFO com.ugurhan.beymen.functions.BaseFunctions - Element found By.cssSelector: body > div.o-home > div:nth-child(6) > div.o-modal.genderPopup > div > div.o-modal__header > button
00:09:13.213 [main] INFO com.ugurhan.beymen.functions.BaseFunctions - Element clicked By.cssSelector: body > div.o-home > div:nth-child(6) > div.o-modal.genderPopup > div > div.o-modal__header > button
00:09:13.213 [main] INFO com.ugurhan.beymen.functions.BaseFunctions - Clicked element: By.cssSelector: body > div.o-home > div:nth-child(6) > div.o-modal.genderPopup > div > div.o-modal__header > button
00:09:13.800 [main] INFO com.ugurhan.beymen.functions.BaseFunctions - Element found By.className: o-header__search--input
00:09:13.829 [main] INFO com.ugurhan.beymen.functions.BaseFunctions - Element found By.className: o-header__search--input
00:09:14.068 [main] INFO com.ugurhan.beymen.functions.BaseFunctions - Text written By.className: o-header__search--input
00:09:15.126 [main] INFO com.ugurhan.beymen.functions.BaseFunctions - Element found By.id: o-searchSuggestion__input
00:09:15.154 [main] INFO com.ugurhan.beymen.functions.BaseFunctions - Element found By.id: o-searchSuggestion__input
00:09:15.198 [main] INFO com.ugurhan.beymen.functions.BaseFunctions - Element cleared By.id: o-searchSuggestion__input
00:09:15.198 [main] INFO com.ugurhan.beymen.functions.BaseFunctions - Clicked element: By.id: o-searchSuggestion__input
00:09:15.259 [main] INFO com.ugurhan.beymen.functions.BaseFunctions - Element found By.id: o-searchSuggestion__input
00:09:15.288 [main] INFO com.ugurhan.beymen.functions.BaseFunctions - Element found By.id: o-searchSuggestion__input
00:09:15.465 [main] INFO com.ugurhan.beymen.functions.BaseFunctions - Text written By.id: o-searchSuggestion__input
00:09:15.502 [main] INFO com.ugurhan.beymen.functions.BaseFunctions - Element found By.id: o-searchSuggestion__input
00:09:15.533 [main] INFO com.ugurhan.beymen.functions.BaseFunctions - Element found By.id: o-searchSuggestion__input
00:09:17.137 [main] INFO com.ugurhan.beymen.functions.BaseFunctions - Keyboard pressed ENTER
00:09:17.460 [main] INFO com.ugurhan.beymen.functions.BaseFunctions - Element found By.cssSelector: #productList > div:nth-child(25)
00:09:19.409 [main] INFO com.ugurhan.beymen.functions.BaseFunctions - Element clicked By.cssSelector: #productList > div:nth-child(25)
00:09:19.409 [main] INFO com.ugurhan.beymen.functions.BaseFunctions - Clicked element: By.cssSelector: #productList > div:nth-child(25)
00:09:21.443 [main] INFO com.ugurhan.beymen.functions.BaseFunctions - Element found By.className: o-productDetail__description
00:09:21.476 [main] INFO com.ugurhan.beymen.functions.BaseFunctions - Element found By.id: priceNew
00:09:21.503 [main] INFO com.ugurhan.beymen.functions.BaseFunctions - Written to TXT By.className: o-productDetail__descriptionandBy.id: priceNew
00:09:21.524 [main] INFO com.ugurhan.beymen.functions.BaseFunctions - Element found By.id: priceNew
00:09:21.662 [main] INFO com.ugurhan.beymen.functions.BaseFunctions - Element found By.xpath: //span[@class='m-variation__item'] | //span[@class='m-variation__item -criticalStock']
00:09:21.825 [main] INFO com.ugurhan.beymen.functions.BaseFunctions - Element clicked By.xpath: //span[@class='m-variation__item'] | //span[@class='m-variation__item -criticalStock']
00:09:21.825 [main] INFO com.ugurhan.beymen.functions.BaseFunctions - Clicked element: By.xpath: //span[@class='m-variation__item'] | //span[@class='m-variation__item -criticalStock']
00:09:21.873 [main] INFO com.ugurhan.beymen.functions.BaseFunctions - Element found By.id: addBasket
00:09:22.027 [main] INFO com.ugurhan.beymen.functions.BaseFunctions - Element clicked By.id: addBasket
00:09:22.027 [main] INFO com.ugurhan.beymen.functions.BaseFunctions - Clicked element: By.id: addBasket
00:09:22.438 [main] INFO com.ugurhan.beymen.functions.BaseFunctions - Element found By.xpath: //button[contains(text(),'Sepete Git')]
00:09:23.389 [main] INFO com.ugurhan.beymen.functions.BaseFunctions - Element clicked By.xpath: //button[contains(text(),'Sepete Git')]
00:09:23.389 [main] INFO com.ugurhan.beymen.functions.BaseFunctions - Clicked element: By.xpath: //button[contains(text(),'Sepete Git')]
00:09:24.324 [main] INFO com.ugurhan.beymen.functions.BaseFunctions - Element found By.className: m-productPrice__salePrice
00:09:24.410 [main] INFO com.ugurhan.beymen.functions.BaseFunctions - Element found By.id: quantitySelect0-key-0
00:09:24.626 [main] INFO com.ugurhan.beymen.functions.BaseFunctions - Element clicked By.id: quantitySelect0-key-0
00:09:24.626 [main] INFO com.ugurhan.beymen.functions.BaseFunctions - Clicked element: By.id: quantitySelect0-key-0
00:09:24.643 [main] INFO com.ugurhan.beymen.functions.BaseFunctions - Element exist By.xpath: //*[@id="quantitySelect0-key-0"]/option[2]
00:09:24.694 [main] INFO com.ugurhan.beymen.functions.BaseFunctions - Element found By.id: quantitySelect0-key-0
00:09:25.161 [main] INFO com.ugurhan.beymen.functions.BaseFunctions - Value set 2
00:09:27.213 [main] INFO com.ugurhan.beymen.functions.BaseFunctions - Element found By.cssSelector: #quantitySelect0-key-0 > option:nth-child(2)
00:09:27.272 [main] INFO com.ugurhan.beymen.functions.BaseFunctions - Element found By.id: removeCartItemBtn0-key-0
00:09:27.653 [main] INFO com.ugurhan.beymen.functions.BaseFunctions - Element clicked By.id: removeCartItemBtn0-key-0
00:09:27.653 [main] INFO com.ugurhan.beymen.functions.BaseFunctions - Clicked element: By.id: removeCartItemBtn0-key-0
00:09:30.693 [main] INFO com.ugurhan.beymen.functions.BaseFunctions - Element found By.className: m-empty__messageTitle
]]></system-out>
  </testcase>
</testsuite>